Using pre-set license
Built from '2022.3/release' branch; Version is '2022.3.20f1 (61c2feb0970d) revision 6406910'; Using compiler version '192829333'; Build Type 'Release'
OS: 'Windows 10  (10.0.19045) 64bit CoreSingleLanguage' Language: 'pt' Physical Memory: 65276 MB
BatchMode: 1, IsHumanControllingUs: 0, StartBugReporterOnCrash: 0, Is64bit: 1, IsPro: 1

COMMAND LINE ARGUMENTS:
C:\Program Files\Unity\Hub\Editor\2022.3.20f1\Editor\Unity.exe
-adb2
-batchMode
-noUpm
-name
AssetImportWorker3
-projectPath
C:/Users/Jailson/Oracle
-logFile
Logs/AssetImportWorker3.log
-srvPort
50295
Successfully changed project path to: C:/Users/Jailson/Oracle
C:/Users/Jailson/Oracle
[UnityMemory] Configuration Parameters - Can be set up in boot.config
    "memorysetup-bucket-allocator-granularity=16"
    "memorysetup-bucket-allocator-bucket-count=8"
    "memorysetup-bucket-allocator-block-size=33554432"
    "memorysetup-bucket-allocator-block-count=8"
    "memorysetup-main-allocator-block-size=16777216"
    "memorysetup-thread-allocator-block-size=16777216"
    "memorysetup-gfx-main-allocator-block-size=16777216"
    "memorysetup-gfx-thread-allocator-block-size=16777216"
    "memorysetup-cache-allocator-block-size=4194304"
    "memorysetup-typetree-allocator-block-size=2097152"
    "memorysetup-profiler-bucket-allocator-granularity=16"
    "memorysetup-profiler-bucket-allocator-bucket-count=8"
    "memorysetup-profiler-bucket-allocator-block-size=33554432"
    "memorysetup-profiler-bucket-allocator-block-count=8"
    "memorysetup-profiler-allocator-block-size=16777216"
    "memorysetup-profiler-editor-allocator-block-size=1048576"
    "memorysetup-temp-allocator-size-main=16777216"
    "memorysetup-job-temp-allocator-block-size=2097152"
    "memorysetup-job-temp-allocator-block-size-background=1048576"
    "memorysetup-job-temp-allocator-reduction-small-platforms=262144"
    "memorysetup-allocator-temp-initial-block-size-main=262144"
    "memorysetup-allocator-temp-initial-block-size-worker=262144"
    "memorysetup-temp-allocator-size-background-worker=32768"
    "memorysetup-temp-allocator-size-job-worker=262144"
    "memorysetup-temp-allocator-size-preload-manager=33554432"
    "memorysetup-temp-allocator-size-nav-mesh-worker=65536"
    "memorysetup-temp-allocator-size-audio-worker=65536"
    "memorysetup-temp-allocator-size-cloud-worker=32768"
    "memorysetup-temp-allocator-size-gi-baking-worker=262144"
    "memorysetup-temp-allocator-size-gfx=262144"
Player connection [1204] Host "[IP] 192.168.0.111 [Port] 0 [Flags] 2 [Guid] 2365780467 [EditorId] 2365780467 [Version] 1048832 [Id] WindowsEditor(7,DESKTOP-AEJ1KT4) [Debug] 1 [PackageName] WindowsEditor [ProjectName] Editor" joined multi-casting on [225.0.0.222:54997]...

Player connection [1204] Host "[IP] 192.168.0.111 [Port] 0 [Flags] 2 [Guid] 2365780467 [EditorId] 2365780467 [Version] 1048832 [Id] WindowsEditor(7,DESKTOP-AEJ1KT4) [Debug] 1 [PackageName] WindowsEditor [ProjectName] Editor" joined alternative multi-casting on [225.0.0.222:34997]...

[Physics::Module] Initialized MultithreadedJobDispatcher with 15 workers.
Refreshing native plugins compatible for Editor in 10.04 ms, found 3 plugins.
Preloading 0 native plugins for Editor in 0.00 ms.
Initialize engine version: 2022.3.20f1 (61c2feb0970d)
[Subsystems] Discovering subsystems at path C:/Program Files/Unity/Hub/Editor/2022.3.20f1/Editor/Data/Resources/UnitySubsystems
[Subsystems] Discovering subsystems at path C:/Users/Jailson/Oracle/Assets
GfxDevice: creating device client; threaded=0; jobified=0
Direct3D:
    Version:  Direct3D 11.0 [level 11.1]
    Renderer: NVIDIA GeForce RTX 4050 Laptop GPU (ID=0x28a1)
    Vendor:   NVIDIA
    VRAM:     5921 MB
    Driver:   31.0.15.5123
Initialize mono
Mono path[0] = 'C:/Program Files/Unity/Hub/Editor/2022.3.20f1/Editor/Data/Managed'
Mono path[1] = 'C:/Program Files/Unity/Hub/Editor/2022.3.20f1/Editor/Data/MonoBleedingEdge/lib/mono/unityjit-win32'
Mono config path = 'C:/Program Files/Unity/Hub/Editor/2022.3.20f1/Editor/Data/MonoBleedingEdge/etc'
Using monoOptions --debugger-agent=transport=dt_socket,embedding=1,server=y,suspend=n,address=127.0.0.1:56636
Begin MonoManager ReloadAssembly
Registering precompiled unity dll's ...
Register platform support module: C:/Program Files/Unity/Hub/Editor/2022.3.20f1/Editor/Data/PlaybackEngines/WebGLSupport/UnityEditor.WebGL.Extensions.dll
Register platform support module: C:/Program Files/Unity/Hub/Editor/2022.3.20f1/Editor/Data/PlaybackEngines/AndroidPlayer/UnityEditor.Android.Extensions.dll
Register platform support module: C:/Program Files/Unity/Hub/Editor/2022.3.20f1/Editor/Data/PlaybackEngines/WindowsStandaloneSupport/UnityEditor.WindowsStandalone.Extensions.dll
Registered in 0.014714 seconds.
- Loaded All Assemblies, in  0.425 seconds
Native extension for WindowsStandalone target not found
Native extension for Android target not found
Android Extension - Scanning For ADB Devices 280 ms
Native extension for WebGL target not found
Mono: successfully reloaded assembly
- Finished resetting the current domain, in  0.657 seconds
Domain Reload Profiling: 1081ms
	BeginReloadAssembly (123ms)
		ExecutionOrderSort (0ms)
		DisableScriptedObjects (0ms)
		BackupInstance (0ms)
		ReleaseScriptingObjects (0ms)
		CreateAndSetChildDomain (1ms)
	RebuildCommonClasses (41ms)
	RebuildNativeTypeToScriptingClass (13ms)
	initialDomainReloadingComplete (81ms)
	LoadAllAssembliesAndSetupDomain (165ms)
		LoadAssemblies (122ms)
		RebuildTransferFunctionScriptingTraits (0ms)
		AnalyzeDomain (161ms)
			TypeCache.Refresh (160ms)
				TypeCache.ScanAssembly (145ms)
			ScanForSourceGeneratedMonoScriptInfo (0ms)
			ResolveRequiredComponents (1ms)
	FinalizeReload (658ms)
		ReleaseScriptCaches (0ms)
		RebuildScriptCaches (0ms)
		SetupLoadedEditorAssemblies (590ms)
			LogAssemblyErrors (0ms)
			InitializePlatformSupportModulesInManaged (406ms)
			SetLoadedEditorAssemblies (4ms)
			RefreshPlugins (0ms)
			BeforeProcessingInitializeOnLoad (2ms)
			ProcessInitializeOnLoadAttributes (126ms)
			ProcessInitializeOnLoadMethodAttributes (51ms)
			AfterProcessingInitializeOnLoad (0ms)
			EditorAssembliesLoaded (0ms)
		ExecutionOrderSort2 (0ms)
		AwakeInstancesAfterBackupRestoration (0ms)
========================================================================
Worker process is ready to serve import requests
Begin MonoManager ReloadAssembly
- Loaded All Assemblies, in  0.678 seconds
Refreshing native plugins compatible for Editor in 3.31 ms, found 3 plugins.
Native extension for WindowsStandalone target not found
Native extension for Android target not found
Native extension for WebGL target not found
Package Manager log level set to [2]
[Package Manager] Server::EnsureServerProcessIsRunning -- launch failed, reason: Unity was launched with the -noUpm command-line argument
[Package Manager] UpmClient::Send -- Unable to send message (not connected to UPM process).
[Package Manager] Cannot connect to Unity Package Manager local server
Mono: successfully reloaded assembly
- Finished resetting the current domain, in  0.821 seconds
Domain Reload Profiling: 1495ms
	BeginReloadAssembly (158ms)
		ExecutionOrderSort (0ms)
		DisableScriptedObjects (7ms)
		BackupInstance (0ms)
		ReleaseScriptingObjects (0ms)
		CreateAndSetChildDomain (21ms)
	RebuildCommonClasses (35ms)
	RebuildNativeTypeToScriptingClass (12ms)
	initialDomainReloadingComplete (48ms)
	LoadAllAssembliesAndSetupDomain (420ms)
		LoadAssemblies (321ms)
		RebuildTransferFunctionScriptingTraits (0ms)
		AnalyzeDomain (194ms)
			TypeCache.Refresh (168ms)
				TypeCache.ScanAssembly (151ms)
			ScanForSourceGeneratedMonoScriptInfo (16ms)
			ResolveRequiredComponents (8ms)
	FinalizeReload (821ms)
		ReleaseScriptCaches (0ms)
		RebuildScriptCaches (0ms)
		SetupLoadedEditorAssemblies (649ms)
			LogAssemblyErrors (0ms)
			InitializePlatformSupportModulesInManaged (30ms)
			SetLoadedEditorAssemblies (5ms)
			RefreshPlugins (0ms)
			BeforeProcessingInitializeOnLoad (66ms)
			ProcessInitializeOnLoadAttributes (518ms)
			ProcessInitializeOnLoadMethodAttributes (22ms)
			AfterProcessingInitializeOnLoad (8ms)
			EditorAssembliesLoaded (0ms)
		ExecutionOrderSort2 (0ms)
		AwakeInstancesAfterBackupRestoration (8ms)
Launched and connected shader compiler UnityShaderCompiler.exe after 0.04 seconds
Refreshing native plugins compatible for Editor in 1.64 ms, found 3 plugins.
Preloading 0 native plugins for Editor in 0.00 ms.
Unloading 3084 Unused Serialized files (Serialized files now loaded: 0)
Unloading 32 unused Assets / (57.4 KB). Loaded Objects now: 3549.
Memory consumption went from 128.5 MB to 128.4 MB.
Total: 2.502100 ms (FindLiveObjects: 0.168900 ms CreateObjectMapping: 0.063800 ms MarkObjects: 2.176300 ms  DeleteObjects: 0.092200 ms)

AssetImportParameters requested are different than current active one (requested -> active):
  custom:container-demuxer-ogg: 62fdf1f143b41e24485cea50d1cbac27 -> 
  custom:video-decoder-ogg-theora: a1e56fd34408186e4bbccfd4996cb3dc -> 
  custom:framework-win-MediaFoundation: 216162199b28c13a410421893ffa2e32 -> 
  custom:CustomObjectIndexerAttribute: 6d391050e5a25f67b0a2c618074f2cd9 -> 
  custom:container-demuxer-webm: 4f35f7cbe854078d1ac9338744f61a02 -> 
  custom:container-muxer-webm: aa71ff27fc2769a1b78a27578f13a17b -> 
  custom:video-decoder-webm-vp8: 9c59270c3fd7afecdb556c50c9e8de78 -> 
  custom:SearchIndexIgnoredProperties: e643bd26f0fe6173181afceb89e7c659 -> 
  custom:AudioImporter_EditorPlatform: d09bf68614088b80899f8185d706f6e7 -> 
  custom:video-encoder-webm-vp8: eb34c28f22e8b96e1ab97ce403110664 -> 
  custom:audio-decoder-ogg-vorbis: bf7c407c2cedff20999df2af8eb42d56 -> 
  custom:audio-encoder-webm-vorbis: bf7c407c2cedff20999df2af8eb42d56 -> 
========================================================================
Received Import Request.
  Time since last request: 2802.369810 seconds.
  path: Assets/Sprites/Anim/MAQUINA_Idle/0004.png
  artifactKey: Guid(25b10fb6429d64c428971853bd36b870) Importer(815301076,1909f56bfc062723c751e8b465ee728b)
Start importing Assets/Sprites/Anim/MAQUINA_Idle/0004.png using Guid(25b10fb6429d64c428971853bd36b870) Importer(815301076,1909f56bfc062723c751e8b465ee728b)  -> (artifact id: '7ba370eaaf6e2f5fdb87d3a0205cf956') in 0.110085 seconds
Number of updated asset objects reloaded before import = 0
Number of asset objects unloaded after import = 3
========================================================================
Received Import Request.
  Time since last request: 0.000026 seconds.
  path: Assets/Sprites/Anim/MAQUINA_Idle/0016.png
  artifactKey: Guid(dc8ea5d279ccba74d81548dc7f175934) Importer(815301076,1909f56bfc062723c751e8b465ee728b)
Start importing Assets/Sprites/Anim/MAQUINA_Idle/0016.png using Guid(dc8ea5d279ccba74d81548dc7f175934) Importer(815301076,1909f56bfc062723c751e8b465ee728b)  -> (artifact id: 'fcd16ebaf2f8e1c5b3ec00a650ea5334') in 0.028477 seconds
Number of updated asset objects reloaded before import = 0
Number of asset objects unloaded after import = 3
========================================================================
Received Import Request.
  Time since last request: 0.000034 seconds.
  path: Assets/Sprites/Anim/MAQUINA_Idle/0007.png
  artifactKey: Guid(b3f8665336f129640a4275d395685c17) Importer(815301076,1909f56bfc062723c751e8b465ee728b)
Start importing Assets/Sprites/Anim/MAQUINA_Idle/0007.png using Guid(b3f8665336f129640a4275d395685c17) Importer(815301076,1909f56bfc062723c751e8b465ee728b)  -> (artifact id: '815b924c889b463b002943c8ac8ac67c') in 0.028236 seconds
Number of updated asset objects reloaded before import = 0
Number of asset objects unloaded after import = 3
========================================================================
Received Import Request.
  Time since last request: 18.634656 seconds.
  path: Assets/Sprites/Anim/MAQUINA_Saida/0004.png
  artifactKey: Guid(b129c308864199f448e024d71b66cfff) Importer(815301076,1909f56bfc062723c751e8b465ee728b)
Start importing Assets/Sprites/Anim/MAQUINA_Saida/0004.png using Guid(b129c308864199f448e024d71b66cfff) Importer(815301076,1909f56bfc062723c751e8b465ee728b)  -> (artifact id: '199355741e2fdeb22957c192ee5920f3') in 0.030998 seconds
Number of updated asset objects reloaded before import = 0
Number of asset objects unloaded after import = 3
========================================================================
Received Import Request.
  Time since last request: 0.000298 seconds.
  path: Assets/Sprites/Anim/MAQUINA_Saida/0015.png
  artifactKey: Guid(0725a438fecc7b340bf03864927d1960) Importer(815301076,1909f56bfc062723c751e8b465ee728b)
Start importing Assets/Sprites/Anim/MAQUINA_Saida/0015.png using Guid(0725a438fecc7b340bf03864927d1960) Importer(815301076,1909f56bfc062723c751e8b465ee728b)  -> (artifact id: '831905418e12d65683c57b42b9876ee3') in 0.031823 seconds
Number of updated asset objects reloaded before import = 0
Number of asset objects unloaded after import = 3
========================================================================
Received Import Request.
  Time since last request: 0.000023 seconds.
  path: Assets/Sprites/Anim/MAQUINA_Saida/0012.png
  artifactKey: Guid(80964c9c03ec42144a792a1f205a15d7) Importer(815301076,1909f56bfc062723c751e8b465ee728b)
Start importing Assets/Sprites/Anim/MAQUINA_Saida/0012.png using Guid(80964c9c03ec42144a792a1f205a15d7) Importer(815301076,1909f56bfc062723c751e8b465ee728b)  -> (artifact id: 'df352a32e9fadcba5f271db038197a4c') in 0.028149 seconds
Number of updated asset objects reloaded before import = 0
Number of asset objects unloaded after import = 3
========================================================================
Received Import Request.
  Time since last request: 0.000034 seconds.
  path: Assets/Sprites/Anim/MAQUINA_Saida/0005.png
  artifactKey: Guid(bee137f3d9e9a384eb1b321ff9b17955) Importer(815301076,1909f56bfc062723c751e8b465ee728b)
Start importing Assets/Sprites/Anim/MAQUINA_Saida/0005.png using Guid(bee137f3d9e9a384eb1b321ff9b17955) Importer(815301076,1909f56bfc062723c751e8b465ee728b)  -> (artifact id: '0ad2f453ba87e9003708d34c94551b47') in 0.028631 seconds
Number of updated asset objects reloaded before import = 0
Number of asset objects unloaded after import = 3
========================================================================
Received Import Request.
  Time since last request: 0.000106 seconds.
  path: Assets/Sprites/Anim/MAQUINA_Saida/0013.png
  artifactKey: Guid(13ad9a90129dda341849a9474c61a718) Importer(815301076,1909f56bfc062723c751e8b465ee728b)
Start importing Assets/Sprites/Anim/MAQUINA_Saida/0013.png using Guid(13ad9a90129dda341849a9474c61a718) Importer(815301076,1909f56bfc062723c751e8b465ee728b)  -> (artifact id: '976afd8756b299658d71d80b47820357') in 0.027441 seconds
Number of updated asset objects reloaded before import = 0
Number of asset objects unloaded after import = 3
========================================================================
Received Import Request.
  Time since last request: 0.000022 seconds.
  path: Assets/Sprites/Anim/MAQUINA_Saida/0017.png
  artifactKey: Guid(c47949dd6d61e4349ac2c53fe12434d9) Importer(815301076,1909f56bfc062723c751e8b465ee728b)
Start importing Assets/Sprites/Anim/MAQUINA_Saida/0017.png using Guid(c47949dd6d61e4349ac2c53fe12434d9) Importer(815301076,1909f56bfc062723c751e8b465ee728b)  -> (artifact id: 'd037857e9d2d5ad4b0cde56b83a358d6') in 0.026389 seconds
Number of updated asset objects reloaded before import = 0
Number of asset objects unloaded after import = 3
========================================================================
Received Import Request.
  Time since last request: 1.028122 seconds.
  path: Assets/Sprites/SPRITES_HUD_GP/GP_LAYOUT.png
  artifactKey: Guid(66cb8cabcd1c00f48a7f852c668f9306) Importer(815301076,1909f56bfc062723c751e8b465ee728b)
Start importing Assets/Sprites/SPRITES_HUD_GP/GP_LAYOUT.png using Guid(66cb8cabcd1c00f48a7f852c668f9306) Importer(815301076,1909f56bfc062723c751e8b465ee728b)  -> (artifact id: '7b19ac38031f5badd619e79ff8a1c752') in 0.032302 seconds
Number of updated asset objects reloaded before import = 0
Number of asset objects unloaded after import = 2
========================================================================
Received Import Request.
  Time since last request: 0.000029 seconds.
  path: Assets/Sprites/SPRITES_HUD_GP/restart_BT.png
  artifactKey: Guid(6ed2f6eca2a32fa45a3a510a0e6053fe) Importer(815301076,1909f56bfc062723c751e8b465ee728b)
Start importing Assets/Sprites/SPRITES_HUD_GP/restart_BT.png using Guid(6ed2f6eca2a32fa45a3a510a0e6053fe) Importer(815301076,1909f56bfc062723c751e8b465ee728b)  -> (artifact id: 'b4c594fcf3d153acfafe195fe9886c65') in 0.026328 seconds
Number of updated asset objects reloaded before import = 0
Number of asset objects unloaded after import = 2
========================================================================
Received Import Request.
  Time since last request: 0.000017 seconds.
  path: Assets/Sprites/SPRITES_HUD_GP/Icone_PNEUS.png
  artifactKey: Guid(d0a7f7b0072f85b46be2bb7ad960314f) Importer(815301076,1909f56bfc062723c751e8b465ee728b)
Start importing Assets/Sprites/SPRITES_HUD_GP/Icone_PNEUS.png using Guid(d0a7f7b0072f85b46be2bb7ad960314f) Importer(815301076,1909f56bfc062723c751e8b465ee728b)  -> (artifact id: 'af192d43f037d86e1e8ab24387329f06') in 0.017658 seconds
Number of updated asset objects reloaded before import = 0
Number of asset objects unloaded after import = 2
========================================================================
Received Import Request.
  Time since last request: 0.000020 seconds.
  path: Assets/Sprites/SPRITES_HUD_GP/Icone_OLEO.png
  artifactKey: Guid(0ea019864d912634984491f4b7b8660d) Importer(815301076,1909f56bfc062723c751e8b465ee728b)
Start importing Assets/Sprites/SPRITES_HUD_GP/Icone_OLEO.png using Guid(0ea019864d912634984491f4b7b8660d) Importer(815301076,1909f56bfc062723c751e8b465ee728b)  -> (artifact id: 'f9fc7a187c36cfe371b0e2a6df333f27') in 0.015622 seconds
Number of updated asset objects reloaded before import = 0
Number of asset objects unloaded after import = 2
========================================================================
Received Import Request.
  Time since last request: 0.000017 seconds.
  path: Assets/Sprites/SPRITES_HUD_GP/Splash_screen.png
  artifactKey: Guid(11c3d1ea12bb75c4ba9abc2cd7d31e57) Importer(815301076,1909f56bfc062723c751e8b465ee728b)
Start importing Assets/Sprites/SPRITES_HUD_GP/Splash_screen.png using Guid(11c3d1ea12bb75c4ba9abc2cd7d31e57) Importer(815301076,1909f56bfc062723c751e8b465ee728b)  -> (artifact id: '8665973c9e81f4c8f8735b191e8c6b04') in 0.016328 seconds
Number of updated asset objects reloaded before import = 0
Number of asset objects unloaded after import = 2
========================================================================
Received Import Request.
  Time since last request: 0.000033 seconds.
  path: Assets/Sprites/SPRITES_HUD_GP/Logo_Simplees_Topo.png
  artifactKey: Guid(02fd043e7dcdfbe4cb201220312dbe2f) Importer(815301076,1909f56bfc062723c751e8b465ee728b)
Start importing Assets/Sprites/SPRITES_HUD_GP/Logo_Simplees_Topo.png using Guid(02fd043e7dcdfbe4cb201220312dbe2f) Importer(815301076,1909f56bfc062723c751e8b465ee728b)  -> (artifact id: 'f31c616304b26b0d21c27396ab64d34f') in 0.014987 seconds
Number of updated asset objects reloaded before import = 0
Number of asset objects unloaded after import = 2
========================================================================
Received Import Request.
  Time since last request: 7.187034 seconds.
  path: Assets/Sprites/SPRITES_HUD_GP/GP_LAYOUT.png
  artifactKey: Guid(66cb8cabcd1c00f48a7f852c668f9306) Importer(815301076,1909f56bfc062723c751e8b465ee728b)
Start importing Assets/Sprites/SPRITES_HUD_GP/GP_LAYOUT.png using Guid(66cb8cabcd1c00f48a7f852c668f9306) Importer(815301076,1909f56bfc062723c751e8b465ee728b)  -> (artifact id: 'c11def4711317d452c27957f6a1ac22b') in 0.032027 seconds
Number of updated asset objects reloaded before import = 0
Number of asset objects unloaded after import = 3
========================================================================
Received Import Request.
  Time since last request: 0.000107 seconds.
  path: Assets/Sprites/SPRITES_HUD_GP/restart_BT.png
  artifactKey: Guid(6ed2f6eca2a32fa45a3a510a0e6053fe) Importer(815301076,1909f56bfc062723c751e8b465ee728b)
Start importing Assets/Sprites/SPRITES_HUD_GP/restart_BT.png using Guid(6ed2f6eca2a32fa45a3a510a0e6053fe) Importer(815301076,1909f56bfc062723c751e8b465ee728b)  -> (artifact id: 'e787c6dc51df16276da042b31b37e403') in 0.026842 seconds
Number of updated asset objects reloaded before import = 0
Number of asset objects unloaded after import = 3
========================================================================
Received Import Request.
  Time since last request: 0.000022 seconds.
  path: Assets/Sprites/SPRITES_HUD_GP/Icone_GASOLINA.png
  artifactKey: Guid(7b3f21a75ef3d9944af2822e74f38831) Importer(815301076,1909f56bfc062723c751e8b465ee728b)
Start importing Assets/Sprites/SPRITES_HUD_GP/Icone_GASOLINA.png using Guid(7b3f21a75ef3d9944af2822e74f38831) Importer(815301076,1909f56bfc062723c751e8b465ee728b)  -> (artifact id: 'dafc3a075f6c8d88a17b1154e0b5f885') in 0.028894 seconds
Number of updated asset objects reloaded before import = 0
Number of asset objects unloaded after import = 3
========================================================================
Received Import Request.
  Time since last request: 0.000036 seconds.
  path: Assets/Sprites/SPRITES_HUD_GP/Sombra_Pecas.png
  artifactKey: Guid(0609f1ef2acb4714da41b7d1c7a454e2) Importer(815301076,1909f56bfc062723c751e8b465ee728b)
Start importing Assets/Sprites/SPRITES_HUD_GP/Sombra_Pecas.png using Guid(0609f1ef2acb4714da41b7d1c7a454e2) Importer(815301076,1909f56bfc062723c751e8b465ee728b)  -> (artifact id: '2240a040dd40cf4bd64ba448c78e2ef6') in 0.025660 seconds
Number of updated asset objects reloaded before import = 0
Number of asset objects unloaded after import = 3
========================================================================
Received Import Request.
  Time since last request: 0.000018 seconds.
  path: Assets/Sprites/SPRITES_HUD_GP/LAYOUT_GUIDE.png
  artifactKey: Guid(33f312beaf8368e4a9c840c517045f97) Importer(815301076,1909f56bfc062723c751e8b465ee728b)
Start importing Assets/Sprites/SPRITES_HUD_GP/LAYOUT_GUIDE.png using Guid(33f312beaf8368e4a9c840c517045f97) Importer(815301076,1909f56bfc062723c751e8b465ee728b)  -> (artifact id: '8b630bb95aa5b6f775a8b12cafbe40c7') in 0.029792 seconds
Number of updated asset objects reloaded before import = 0
Number of asset objects unloaded after import = 3
Editor requested this worker to shutdown with reason: Scaling down because of idle timeout
TcpMessagingSession - receive error: operation aborted. errorcode: 995, details: A operação de E/S foi anulada devido a uma saída de thread ou a uma requisição de aplicativo.
AssetImportWorker is now disconnected from the server
Process exiting
Exiting without the bug reporter. Application will terminate with return code 0